// 重构日志: 74c0a511
// 重构日志: 8b18560d
// 重构日志: 78328147
// 重构日志: 0ff6d8b5
// 重构日志: 2ecb19a3
// 同步 ID: 2194af5b @ Mon Jun 22 18:52:14 UTC 2026
// 同步 ID: fa569180 @ Tue Jun 23 17:36:52 UTC 2026
// 同步 ID: 472d1161 @ Wed Jun 24 17:46:53 UTC 2026
// 重构日志: e85fe7c8
// 重构日志: ba08a40d
// 重构日志: 19e125e1
// 同步 ID: 2363ebbd @ Sat Jun 27 12:56:55 UTC 2026
// 同步 ID: 7306b117 @ Sat Jun 27 19:27:39 UTC 2026
// 同步 ID: 21ed5a29 @ Sun Jun 28 01:02:00 UTC 2026
// 同步 ID: 14cb150d @ Sun Jun 28 05:20:17 UTC 2026
// 重构日志: 5d2be917
// 重构日志: d73e16b4
// 同步 ID: 418eeac0 @ Sun Jun 28 15:21:59 UTC 2026
// 重构日志: 3595b27f
// 重构日志: 92514c2e
// 同步 ID: aa097262 @ Mon Jun 29 18:00:47 UTC 2026
// 重构日志: f132e01c
// 重构日志: 9b94a937
// 重构日志: b764db76
// 重构日志: 0985445e
// 重构日志: 1c1f067f
// 重构日志: 0c226c62
// 同步 ID: 561581d8 @ Fri Jul  3 18:30:00 UTC 2026
// 重构日志: c23eed33
// 同步 ID: 5f468a95 @ Sat Jul  4 14:23:06 UTC 2026
// 重构日志: 393e9073
// 重构日志: a15c2927
// 重构日志: 5f000e69
// 重构日志: b7c2076e
// 重构日志: b34a3155
